e:\ofdiumex\ofdiumex\release\ofdiumex.pch
e:\ofdiumex\ofdiumex\release\vc120.pdb
e:\ofdiumex\ofdiumex\release\stdafx.obj
e:\ofdiumex\ofdiumex\release\ziptool.obj
e:\ofdiumex\ofdiumex\release\util.obj
e:\ofdiumex\ofdiumex\release\refcounter.obj
e:\ofdiumex\ofdiumex\release\pugixml.obj
e:\ofdiumex\ofdiumex\release\ofdparser.obj
e:\ofdiumex\ofdiumex\release\ofdiumex.obj
e:\ofdiumex\ofdiumex\release\base64.obj
e:\ofdiumex\release\ofdiumex.dll
e:\ofdiumex\release\ofdiumex.pdb
e:\ofdiumex\release\ofdiumex.lib
e:\ofdiumex\release\ofdiumex.exp
e:\ofdiumex\ofdiumex\release\ofdiumex.tlog\cl.command.1.tlog
e:\ofdiumex\ofdiumex\release\ofdiumex.tlog\cl.read.1.tlog
e:\ofdiumex\ofdiumex\release\ofdiumex.tlog\cl.write.1.tlog
e:\ofdiumex\ofdiumex\release\ofdiumex.tlog\link.command.1.tlog
e:\ofdiumex\ofdiumex\release\ofdiumex.tlog\link.read.1.tlog
e:\ofdiumex\ofdiumex\release\ofdiumex.tlog\link.write.1.tlog
e:\ofdiumex\ofdiumex\release\ofdiumex.tlog\ofdiumex.write.1u.tlog
